
ROM used:   1848/8192 (23%)
            1848/8192 (23%) including unused fragments

            1.4 Average locations per line
            9.7 Average locations per statement

RAM used:   18/368 (5%) at main() level
            51/368 (14%) worst case

Stack used: 1 worst case (0 in main + 1 for interrupts)
Stack size: 8

Lines Stmts  %   Files
----- ----- ---  -----
  159    90  47  main.c
   50     0   0  main.h
  661     0   0  ..\..\..\..\..\..\..\Program Files (x86)\PICC\Devices\16F877A.h
  456   100  53  ..\..\..\..\..\..\..\Program Files (x86)\PICC\Drivers\lcd.c
----- -----
 1326   190 Total

Page ROM  %  RAM   Vol Diff  Functions:
---- --- --- ---   --- ----  ----------
0     21   1    1             @delay_ms1
0      8   0    0             @const626
 Inline         3   760  4.5  lcd_read_byte
 Inline         2   262  3.7  lcd_read_nibble
 Inline         1   399  2.4  lcd_send_nibble
0    269  15    3   415  3.7  lcd_send_byte
0    167   9    2   704  5.0  lcd_init
0     18   1    4   208  6.3  lcd_gotoxy
0     44   2    1   354  4.7  lcd_putc
0    404  22    6   254  4.0  check_light
 Inline         2   254  4.0  @MUL88
 Inline         2             @ITOF
 Inline        14             @DIVFF
 Inline        10             @FLT
0    183  10    1   543  3.7  player_point
0      7   0    0   543  3.7  @const677
0     75   4    4             @PSTRINGC7_645
0      8   0    0             @const679
0     84   5    5             @PSTRINGCN7_645
0     21   1    3             @DIV88
 Inline         6             @PRINTF_D_645
0      7   0    0             @const688
0      7   0    0             @const689
0    411  22    2   847  4.8  MAIN
0      6   0    0   847  4.8  @const693
0      9   0    0   847  4.8  @const694
 Inline         0   219  2.2  setup_game
0      7   0    0   219  2.2  @const696
0      8   0    0   219  2.2  @const697
 Inline         1   626  2.8  open_drawer
0      7   0    0   626  2.8  @const698
0      8   0    0   626  2.8  @const699
0      7   0    0             @const700
0      6   0    0             @const701
 Inline         0             @cinit1

Program metrics:
    Functions               20
    Statements              190
    Comments                279
    Volume (V)              16969
    Difficulty (D)          73.3
    Effort to implement (E) 1243059
    Time to implement (T)   19 hours, 11 minutes
    Est Delivered Bugs (B)  4
    Cyclomatic Complexity   23
    Maintainability (MI)    75

 Segment     Used  Free
-----------  ----  ----
00000-00003     4  0  
00004-00037    52  0  
00038-007FF  1792  200  
00800-00FFF     0  2048  
01000-017FF     0  2048  
01800-01FFF     0  2048  



